2023-10-23 22:15:50,485 MainProcess nnsight DEBUG    Initializing `gpt2`...
2023-10-23 22:15:51,003 MainProcess nnsight DEBUG    Initialized `gpt2`
2023-10-23 22:17:26,507 MainProcess nnsight DEBUG    Initializing `gpt2`...
2023-10-23 22:17:27,091 MainProcess nnsight DEBUG    Initialized `gpt2`
2023-10-23 22:17:33,082 MainProcess nnsight DEBUG    => SET(module_0)
2023-10-23 22:17:33,082 MainProcess nnsight DEBUG    => DEL(module_0)
2023-10-23 22:17:33,082 MainProcess nnsight DEBUG    Running `gpt2`...
2023-10-23 22:17:35,728 MainProcess nnsight DEBUG    Completed `gpt2`
2023-10-23 22:17:36,108 MainProcess nnsight DEBUG    => SET(module_0)
2023-10-23 22:17:36,108 MainProcess nnsight DEBUG    => DEL(module_0)
2023-10-23 22:17:36,108 MainProcess nnsight DEBUG    Running `gpt2`...
2023-10-23 22:17:36,120 MainProcess nnsight DEBUG    => SET(argument_0)
2023-10-23 22:17:36,120 MainProcess nnsight DEBUG    => SET(__getitem___0)
2023-10-23 22:17:36,129 MainProcess nnsight DEBUG    => SET(proxy_save_0)
2023-10-23 22:17:36,142 MainProcess nnsight DEBUG    => DEL(__getitem___0)
2023-10-23 22:17:36,142 MainProcess nnsight DEBUG    => DEL(argument_0)
2023-10-23 22:17:36,143 MainProcess nnsight DEBUG    Completed `gpt2`
2023-10-23 22:17:36,502 MainProcess nnsight DEBUG    => SET(module_0)
2023-10-23 22:17:36,502 MainProcess nnsight DEBUG    => DEL(module_0)
2023-10-23 22:17:36,502 MainProcess nnsight DEBUG    Running `gpt2`...
2023-10-23 22:17:36,513 MainProcess nnsight DEBUG    => SET(argument_0)
2023-10-23 22:17:36,513 MainProcess nnsight DEBUG    => SET(__getitem___0)
2023-10-23 22:17:36,514 MainProcess nnsight DEBUG    => SET(proxy_save_0)
2023-10-23 22:17:36,516 MainProcess nnsight DEBUG    => DEL(__getitem___0)
2023-10-23 22:17:36,517 MainProcess nnsight DEBUG    => SET(__getitem___1)
2023-10-23 22:17:36,517 MainProcess nnsight DEBUG    => SET(update_0)
2023-10-23 22:17:36,517 MainProcess nnsight DEBUG    => DEL(update_0)
2023-10-23 22:17:36,518 MainProcess nnsight DEBUG    => DEL(__getitem___1)
2023-10-23 22:17:36,519 MainProcess nnsight DEBUG    => SET(__getitem___2)
2023-10-23 22:17:36,519 MainProcess nnsight DEBUG    => SET(proxy_save_1)
2023-10-23 22:17:36,521 MainProcess nnsight DEBUG    => DEL(__getitem___2)
2023-10-23 22:17:36,521 MainProcess nnsight DEBUG    => DEL(argument_0)
2023-10-23 22:17:36,522 MainProcess nnsight DEBUG    Completed `gpt2`
2023-10-23 22:17:36,882 MainProcess nnsight DEBUG    => SET(module_0)
2023-10-23 22:17:36,882 MainProcess nnsight DEBUG    => SET(fetch_attr_0)
2023-10-23 22:17:36,882 MainProcess nnsight DEBUG    => SET(fetch_attr_1)
2023-10-23 22:17:36,884 MainProcess nnsight DEBUG    => DEL(fetch_attr_0)
2023-10-23 22:17:36,885 MainProcess nnsight DEBUG    => SET(fetch_attr_2)
2023-10-23 22:17:36,885 MainProcess nnsight DEBUG    => SET(fetch_attr_3)
2023-10-23 22:17:36,886 MainProcess nnsight DEBUG    => DEL(fetch_attr_2)
2023-10-23 22:17:36,887 MainProcess nnsight DEBUG    => DEL(module_0)
2023-10-23 22:17:36,887 MainProcess nnsight DEBUG    Running `gpt2`...
2023-10-23 22:17:36,899 MainProcess nnsight DEBUG    => SET(argument_0)
2023-10-23 22:17:36,899 MainProcess nnsight DEBUG    => SET(__getitem___0)
2023-10-23 22:17:36,899 MainProcess nnsight DEBUG    => DEL(fetch_attr_1)
2023-10-23 22:17:36,899 MainProcess nnsight DEBUG    => SET(__call___0)
2023-10-23 22:17:36,899 MainProcess nnsight DEBUG    => DEL(fetch_attr_3)
2023-10-23 22:17:36,899 MainProcess nnsight DEBUG    => SET(__call___1)
2023-10-23 22:17:36,900 MainProcess nnsight DEBUG    => SET(softmax_0)
2023-10-23 22:17:36,900 MainProcess nnsight DEBUG    => SET(fetch_attr_4)
2023-10-23 22:17:36,900 MainProcess nnsight DEBUG    => SET(__call___2)
2023-10-23 22:17:36,900 MainProcess nnsight DEBUG    => SET(proxy_save_0)
2023-10-23 22:17:36,902 MainProcess nnsight DEBUG    => DEL(__call___2)
2023-10-23 22:17:36,903 MainProcess nnsight DEBUG    => DEL(fetch_attr_4)
2023-10-23 22:17:36,904 MainProcess nnsight DEBUG    => DEL(softmax_0)
2023-10-23 22:17:36,905 MainProcess nnsight DEBUG    => DEL(__call___1)
2023-10-23 22:17:36,906 MainProcess nnsight DEBUG    => DEL(__call___0)
2023-10-23 22:17:36,907 MainProcess nnsight DEBUG    => DEL(__getitem___0)
2023-10-23 22:17:36,908 MainProcess nnsight DEBUG    => DEL(argument_0)
2023-10-23 22:17:36,996 MainProcess nnsight DEBUG    Completed `gpt2`
2023-10-23 22:17:37,406 MainProcess nnsight DEBUG    => SET(module_0)
2023-10-23 22:17:37,406 MainProcess nnsight DEBUG    => DEL(module_0)
2023-10-23 22:17:37,406 MainProcess nnsight DEBUG    Running `gpt2`...
2023-10-23 22:17:37,409 MainProcess nnsight DEBUG    => SET(argument_0)
2023-10-23 22:17:37,410 MainProcess nnsight DEBUG    => SET(argument_1)
2023-10-23 22:17:37,410 MainProcess nnsight DEBUG    => DEL(argument_0)
2023-10-23 22:17:37,410 MainProcess nnsight DEBUG    => SET(update_0)
2023-10-23 22:17:37,410 MainProcess nnsight DEBUG    => DEL(update_0)
2023-10-23 22:17:37,411 MainProcess nnsight DEBUG    => DEL(argument_1)
2023-10-23 22:17:37,468 MainProcess nnsight DEBUG    Completed `gpt2`
2023-10-23 22:17:37,849 MainProcess nnsight DEBUG    => SET(module_0)
2023-10-23 22:17:37,849 MainProcess nnsight DEBUG    => DEL(module_0)
2023-10-23 22:17:37,849 MainProcess nnsight DEBUG    Running `gpt2`...
2023-10-23 22:17:37,851 MainProcess nnsight DEBUG    => SET(argument_0)
2023-10-23 22:17:37,852 MainProcess nnsight DEBUG    => SET(proxy_save_0)
2023-10-23 22:17:37,854 MainProcess nnsight DEBUG    => DEL(argument_0)
2023-10-23 22:17:37,882 MainProcess nnsight DEBUG    Completed `gpt2`
2023-10-23 22:17:38,247 MainProcess nnsight DEBUG    => SET(module_0)
2023-10-23 22:17:38,247 MainProcess nnsight DEBUG    => DEL(module_0)
2023-10-23 22:17:38,247 MainProcess nnsight DEBUG    Running `gpt2`...
2023-10-23 22:17:38,249 MainProcess nnsight DEBUG    => SET(argument_0)
2023-10-23 22:17:38,250 MainProcess nnsight DEBUG    => SET(update_0)
2023-10-23 22:17:38,250 MainProcess nnsight DEBUG    => DEL(update_0)
2023-10-23 22:17:38,251 MainProcess nnsight DEBUG    => DEL(argument_0)
2023-10-23 22:17:38,280 MainProcess nnsight DEBUG    Completed `gpt2`
